<?xml version="1.0" encoding="UTF-8"?>
<testng-results skipped="0" failed="0" total="1" passed="1">
  <reporter-output>
  </reporter-output>
  <suite name="Suite" duration-ms="8900" started-at="2019-03-25T11:09:03Z" finished-at="2019-03-25T11:09:12Z">
    <groups>
    </groups>
    <test name="Test" duration-ms="8900" started-at="2019-03-25T11:09:03Z" finished-at="2019-03-25T11:09:12Z">
      <class name="diyici.diyici">
        <test-method status="PASS" signature="setUpBeforeClass()[pri:0, instance:diyici.diyici@7cef4e59]" name="setUpBeforeClass" is-config="true" duration-ms="3081" started-at="2019-03-25T11:09:03Z" finished-at="2019-03-25T11:09:06Z">
        </test-method> <!-- setUpBeforeClass -->
        <test-method status="PASS" signature="denglu()[pri:0, instance:diyici.diyici@7cef4e59]" name="denglu" duration-ms="5812" started-at="2019-03-25T11:09:06Z" finished-at="2019-03-25T11:09:12Z">
        </test-method> <!-- denglu -->
        <test-method status="PASS" signature="tearDownAfterClass()[pri:0, instance:diyici.diyici@7cef4e59]" name="tearDownAfterClass" is-config="true" duration-ms="0" started-at="2019-03-25T11:09:12Z" finished-at="2019-03-25T11:09:12Z">
        </test-method> <!-- tearDownAfterClass -->
      </class> <!-- diyici.diyici -->
    </test> <!-- Test -->
  </suite> <!-- Suite -->
</testng-results>
